<?xml version="1.0" encoding="UTF-8"?>
<!-- Generated by org.testng.reporters.JUnitReportReporter -->
<testsuite skipped="0" hostname="1MLB9F2" name="TestScript.Flipkart.FlipkartSearchValiditem_AUT23" tests="1" failures="0" timestamp="06 Nov 2017 05:54:11 GMT" time="98.423" errors="0">
  <testcase name="Step1" time="98.423" classname="TestScript.Flipkart.FlipkartSearchValiditem_AUT23"/>
</testsuite> <!-- TestScript.Flipkart.FlipkartSearchValiditem_AUT23 -->
